<?xml version="1.0" encoding="UTF-8"?>
<!-- Generated by org.testng.reporters.JUnitReportReporter -->
<testsuite hostname="shambuDesktop" failures="0" tests="1" name="testCases.TC002_LoginTest" time="2.343" errors="0" timestamp="2024-09-30T16:49:35 CDT" skipped="0">
  <testcase classname="testCases.TC002_LoginTest" name="verify_login" time="2.343"/>
  <system-out/>
</testsuite> <!-- testCases.TC002_LoginTest -->
